<?xml version="1.0" encoding="UTF-8"?>
<!-- Generated by org.testng.reporters.JUnitReportReporter -->
<testsuite hostname="BDTUDV31328" name="TestCases_POM.LoginTest" tests="1" failures="0" timestamp="25 May 2018 09:41:24 GMT" time="16.582" errors="0">
  <testcase name="loginTest_Orange" time="16.582" classname="TestCases_POM.LoginTest"/>
</testsuite> <!-- TestCases_POM.LoginTest -->
