<?xml version="1.0" encoding="UTF-8"?>
<!-- Generated by org.testng.reporters.JUnitReportReporter -->
<testsuite hostname="BDTUDV31328" name="TestCases_POM.Welcome_Test" tests="2" failures="0" timestamp="26 May 2018 09:59:17 GMT" time="35.171" errors="0">
  <testcase name="Orange_Admin_button_Open_Admin_User_Grid" time="18.142" classname="TestCases_POM.Welcome_Test"/>
  <testcase name="Orange_Admin_Tab" time="17.029" classname="TestCases_POM.Welcome_Test"/>
</testsuite> <!-- TestCases_POM.Welcome_Test -->
